<?xml version="1.0" encoding="UTF-8"?>
<!-- Generated by org.testng.reporters.JUnitReportReporter -->
<testsuite hostname="DESKTOP-N9F7EI8" failures="0" tests="1" name="sMR.Base1" time="10.922" errors="0" timestamp="2024-08-22T10:56:46 IST" skipped="0">
  <testcase classname="sMR.Base1" name="Chromesetup" time="10.922"/>
  <system-out/>
</testsuite> <!-- sMR.Base1 -->
